#
# A fatal error has been detected by the Java Runtime Environment:
#
#  EXCEPTION_ACCESS_VIOLATION (0xc0000005) at pc=0x00007ff853e99aac, pid=16804, tid=25020
#
# JRE version: OpenJDK Runtime Environment (16.0.1+9) (build 16.0.1+9-24)
# Java VM: OpenJDK 64-Bit Server VM (16.0.1+9-24, mixed mode, sharing, tiered, compressed oops, compressed class ptrs, g1 gc, windows-amd64)
# Problematic frame:
# C  [OpenAL.dll+0x89aac]
#
# No core dump will be written. Minidumps are not enabled by default on client versions of Windows
#
# If you would like to submit a bug report, please visit:
#   https://bugreport.java.com/bugreport/crash.jsp
# The crash happened outside the Java Virtual Machine in native code.
# See problematic frame for where to report the bug.
#

---------------  S U M M A R Y ------------

Command Line: -Dfile.encoding=windows-1252 -Duser.country=US -Duser.language=en -Duser.variant game/GameKt

Host: Intel(R) Core(TM) i7-8700K CPU @ 3.70GHz, 12 cores, 31G,  Windows 10 , 64 bit Build 22000 (10.0.22000.434)
Time: Sun Apr  3 14:03:05 2022 Pacific Daylight Time elapsed time: 1.187271 seconds (0d 0h 0m 1s)

---------------  T H R E A D  ---------------

Current thread (0x0000018cd0569210):  JavaThread "main" [_thread_in_native, id=25020, stack(0x0000004cbe400000,0x0000004cbe500000)]

Stack: [0x0000004cbe400000,0x0000004cbe500000],  sp=0x0000004cbe4fed58,  free space=1019k
Native frames: (J=compiled Java code, j=interpreted, Vv=VM code, C=native code)
C  [OpenAL.dll+0x89aac]

Java frames: (J=compiled Java code, j=interpreted, Vv=VM code)
j  org.lwjgl.system.JNI.invokePV(IIJIIJ)V+0
j  org.lwjgl.openal.AL10.nalBufferData(IIJII)V+17
j  org.lwjgl.openal.AL10.alBufferData(IILjava/nio/ByteBuffer;I)V+11
j  com.balduvian.cnge.sound.Sound.<init>(Lcom/balduvian/cnge/sound/WaveData;)V+41
j  com.balduvian.cnge.core.resource.SoundResource.internalSyncLoad()Lcom/balduvian/cnge/sound/Sound;+12
j  com.balduvian.cnge.core.resource.SoundResource.internalSyncLoad()Lcom/balduvian/cnge/graphics/GraphicsObject;+1
j  com.balduvian.cnge.core.Resource.syncLoad()V+2
j  com.balduvian.cnge.core.ResourceLoader.update()V+83
j  game.Game.doLoop(Lcom/balduvian/cnge/graphics/Window;Lcom/balduvian/cnge/graphics/Timing;)V+50
j  game.Game.access$doLoop(Lgame/Game;Lcom/balduvian/cnge/graphics/Window;Lcom/balduvian/cnge/graphics/Timing;)V+3
j  game.Game$2.invoke(Lcom/balduvian/cnge/graphics/Timing;)V+18
j  game.Game$2.invoke(Ljava/lang/Object;)Ljava/lang/Object;+5
j  com.balduvian.cnge.graphics.Loop.loop()V+195
j  game.Game.<init>()V+629
j  game.GameKt.main()V+4
j  game.GameKt.main([Ljava/lang/String;)V+0
v  ~StubRoutines::call_stub

siginfo: EXCEPTION_ACCESS_VIOLATION (0xc0000005), reading address 0x0000000000000010


Register to memory mapping:

RIP=0x00007ff853e99aac OpenAL.dll
RAX=0x0000018c8a401050 points into unknown readable memory: 0x0000000000000000 | 00 00 00 00 00 00 00 00
RBX=0x0000018c824173b8 points into unknown readable memory: 0x0000000000000000 | 00 00 00 00 00 00 00 00
RCX=0x0000018c8a401050 points into unknown readable memory: 0x0000000000000000 | 00 00 00 00 00 00 00 00
RDX=0x0000000000000010 is an unknown value
RSP=0x0000004cbe4fed58 is pointing into the stack for thread: 0x0000018cd0569210
RBP=0x0000018c8a6ef050 points into unknown readable memory: 0x0000000000000000 | 00 00 00 00 00 00 00 00
RSI=0x0000018c824173e8 points into unknown readable memory: 0x0000018c8a401050 | 50 10 40 8a 8c 01 00 00
RDI=0x0000000000001101 is an unknown value
R8 =0x00000000002ee000 is an unknown value
R9 =0x00000000002ee010 is an unknown value
R10=0x00007ff853e10000 OpenAL.dll
R11=0x0000018c8a401050 points into unknown readable memory: 0x0000000000000000 | 00 00 00 00 00 00 00 00
R12=0x0000000000000001 is an unknown value
R13=0x0000000000000001 is an unknown value
R14=0x00000000000bb800 is an unknown value
R15=0x0000000000000001 is an unknown value


Registers:
RAX=0x0000018c8a401050, RBX=0x0000018c824173b8, RCX=0x0000018c8a401050, RDX=0x0000000000000010
RSP=0x0000004cbe4fed58, RBP=0x0000018c8a6ef050, RSI=0x0000018c824173e8, RDI=0x0000000000001101
R8 =0x00000000002ee000, R9 =0x00000000002ee010, R10=0x00007ff853e10000, R11=0x0000018c8a401050
R12=0x0000000000000001, R13=0x0000000000000001, R14=0x00000000000bb800, R15=0x0000000000000001
RIP=0x00007ff853e99aac, EFLAGS=0x0000000000010206

Top of Stack: (sp=0x0000004cbe4fed58)
0x0000004cbe4fed58:   00007ff853e185fc 0000018c824173b8
0x0000004cbe4fed68:   00007ff853f1c650 0000004cbe4fef70
0x0000004cbe4fed78:   00007ff853e94257 0000000000000000
0x0000004cbe4fed88:   00007ff82cb8dfb8 00000004000bb800
0x0000004cbe4fed98:   0000000000000000 00000000000bb800
0x0000004cbe4feda8:   00007ff853e94257 0000b0fb00000000
0x0000004cbe4fedb8:   0000000000000000 00000000002ee000
0x0000004cbe4fedc8:   0000004cbe4fee50 0000000000000001
0x0000004cbe4fedd8:   00000000002ee000 0000018cff4c8130
0x0000004cbe4fede8:   0000000000000010 0000018c801d3b80
0x0000004cbe4fedf8:   0000004cbe4fef70 0000018c801dabd8
0x0000004cbe4fee08:   00007ff853e194a1 0000000000001103
0x0000004cbe4fee18:   0000004c00000002 0000018c0000bb80
0x0000004cbe4fee28:   00000000002ee000 0000018cff125d01
0x0000004cbe4fee38:   0000018cff4c8101 0000000000000010
0x0000004cbe4fee48:   00007ff800000000 0000018c803d3c90 

Instructions: (pc=0x00007ff853e99aac)
0x00007ff853e999ac:   89 08 66 44 89 40 04 44 88 48 06 c3 4c 8b 02 8b
0x00007ff853e999bc:   4a 08 44 0f b7 4a 0c 4c 89 00 89 48 08 66 44 89
0x00007ff853e999cc:   48 0c c3 0f b7 0a 44 0f b6 42 02 66 89 08 44 88
0x00007ff853e999dc:   40 02 c3 90 4c 8b 02 8b 4a 08 44 0f b6 4a 0c 4c
0x00007ff853e999ec:   89 00 89 48 08 44 88 48 0c c3 4c 8b 02 0f b7 4a
0x00007ff853e999fc:   08 4c 89 00 66 89 48 08 c3 4c 8b 02 0f b6 4a 08
0x00007ff853e99a0c:   4c 89 00 88 48 08 c3 4c 8b 02 8b 4a 08 4c 89 00
0x00007ff853e99a1c:   89 48 08 c3 8b 0a 44 0f b7 42 04 89 08 66 44 89
0x00007ff853e99a2c:   40 04 c3 8b 0a 44 0f b6 42 04 89 08 44 88 40 04
0x00007ff853e99a3c:   c3 48 8b 0a 48 89 08 c3 0f b6 0a 88 08 c3 8b 0a
0x00007ff853e99a4c:   89 08 c3 90 49 83 f8 20 77 17 f3 0f 6f 0a f3 42
0x00007ff853e99a5c:   0f 6f 54 02 f0 f3 0f 7f 09 f3 42 0f 7f 54 01 f0
0x00007ff853e99a6c:   c3 48 3b d1 73 0e 4e 8d 0c 02 49 3b c9 0f 82 41
0x00007ff853e99a7c:   04 00 00 90 83 3d 71 0a 08 00 03 0f 82 e3 02 00
0x00007ff853e99a8c:   00 49 81 f8 00 20 00 00 76 16 49 81 f8 00 00 18
0x00007ff853e99a9c:   00 77 0d f6 05 b6 f5 0f 00 02 0f 85 64 fe ff ff
0x00007ff853e99aac:   c5 fe 6f 02 c4 a1 7e 6f 6c 02 e0 49 81 f8 00 01
0x00007ff853e99abc:   00 00 0f 86 c4 00 00 00 4c 8b c9 49 83 e1 1f 49
0x00007ff853e99acc:   83 e9 20 49 2b c9 49 2b d1 4d 03 c1 49 81 f8 00
0x00007ff853e99adc:   01 00 00 0f 86 a3 00 00 00 49 81 f8 00 00 18 00
0x00007ff853e99aec:   0f 87 3e 01 00 00 66 66 66 66 66 66 0f 1f 84 00
0x00007ff853e99afc:   00 00 00 00 c5 fe 6f 0a c5 fe 6f 52 20 c5 fe 6f
0x00007ff853e99b0c:   5a 40 c5 fe 6f 62 60 c5 fd 7f 09 c5 fd 7f 51 20
0x00007ff853e99b1c:   c5 fd 7f 59 40 c5 fd 7f 61 60 c5 fe 6f 8a 80 00
0x00007ff853e99b2c:   00 00 c5 fe 6f 92 a0 00 00 00 c5 fe 6f 9a c0 00
0x00007ff853e99b3c:   00 00 c5 fe 6f a2 e0 00 00 00 c5 fd 7f 89 80 00
0x00007ff853e99b4c:   00 00 c5 fd 7f 91 a0 00 00 00 c5 fd 7f 99 c0 00
0x00007ff853e99b5c:   00 00 c5 fd 7f a1 e0 00 00 00 48 81 c1 00 01 00
0x00007ff853e99b6c:   00 48 81 c2 00 01 00 00 49 81 e8 00 01 00 00 49
0x00007ff853e99b7c:   81 f8 00 01 00 00 0f 83 78 ff ff ff 4d 8d 48 1f
0x00007ff853e99b8c:   49 83 e1 e0 4d 8b d9 49 c1 eb 05 47 8b 9c 9a 40
0x00007ff853e99b9c:   30 19 00 4d 03 da 41 ff e3 c4 a1 7e 6f 8c 0a 00 


Stack slot to memory mapping:
stack at sp + 0 slots: 0x00007ff853e185fc OpenAL.dll
stack at sp + 1 slots: 0x0000018c824173b8 points into unknown readable memory: 0x0000000000000000 | 00 00 00 00 00 00 00 00
stack at sp + 2 slots: 0x00007ff853f1c650 OpenAL.dll
stack at sp + 3 slots: 0x0000004cbe4fef70 is pointing into the stack for thread: 0x0000018cd0569210
stack at sp + 4 slots: 0x00007ff853e94257 OpenAL.dll
stack at sp + 5 slots: 0x0 is NULL
stack at sp + 6 slots: 0x00007ff82cb8dfb8 jvm.dll
stack at sp + 7 slots: 0x00000004000bb800 is an unknown value


---------------  P R O C E S S  ---------------

Threads class SMR info:
_java_thread_list=0x0000018c81e2ec50, length=14, elements={
0x0000018cd0569210, 0x0000018cfee2cf80, 0x0000018cfee2dd50, 0x0000018cfee42cf0,
0x0000018cfee44610, 0x0000018cfee44f20, 0x0000018cfee47840, 0x0000018cff808470,
0x0000018cff808e70, 0x0000018cff8117d0, 0x0000018cff93f340, 0x0000018cff961520,
0x0000018cff9689b0, 0x0000018c81e6d200
}

Java Threads: ( => current thread )
=>0x0000018cd0569210 JavaThread "main" [_thread_in_native, id=25020, stack(0x0000004cbe400000,0x0000004cbe500000)]
  0x0000018cfee2cf80 JavaThread "Reference Handler" daemon [_thread_blocked, id=22520, stack(0x0000004cbeb00000,0x0000004cbec00000)]
  0x0000018cfee2dd50 JavaThread "Finalizer" daemon [_thread_blocked, id=21668, stack(0x0000004cbec00000,0x0000004cbed00000)]
  0x0000018cfee42cf0 JavaThread "Signal Dispatcher" daemon [_thread_blocked, id=6024, stack(0x0000004cbed00000,0x0000004cbee00000)]
  0x0000018cfee44610 JavaThread "Attach Listener" daemon [_thread_blocked, id=27888, stack(0x0000004cbee00000,0x0000004cbef00000)]
  0x0000018cfee44f20 JavaThread "Service Thread" daemon [_thread_blocked, id=27884, stack(0x0000004cbef00000,0x0000004cbf000000)]
  0x0000018cfee47840 JavaThread "Monitor Deflation Thread" daemon [_thread_blocked, id=27900, stack(0x0000004cbf000000,0x0000004cbf100000)]
  0x0000018cff808470 JavaThread "C2 CompilerThread0" daemon [_thread_blocked, id=27924, stack(0x0000004cbf100000,0x0000004cbf200000)]
  0x0000018cff808e70 JavaThread "C1 CompilerThread0" daemon [_thread_blocked, id=27928, stack(0x0000004cbf200000,0x0000004cbf300000)]
  0x0000018cff8117d0 JavaThread "Sweeper thread" daemon [_thread_blocked, id=27932, stack(0x0000004cbf300000,0x0000004cbf400000)]
  0x0000018cff93f340 JavaThread "Notification Thread" daemon [_thread_blocked, id=27852, stack(0x0000004cbf400000,0x0000004cbf500000)]
  0x0000018cff961520 JavaThread "Common-Cleaner" daemon [_thread_blocked, id=27820, stack(0x0000004cbf600000,0x0000004cbf700000)]
  0x0000018cff9689b0 JavaThread "Thread-0" [_thread_blocked, id=27824, stack(0x0000004cbf700000,0x0000004cbf800000)]
  0x0000018c81e6d200 JavaThread "Java2D Disposer" daemon [_thread_blocked, id=20440, stack(0x0000004cc0100000,0x0000004cc0200000)]

Other Threads:
  0x0000018cfee2a790 VMThread "VM Thread" [stack: 0x0000004cbea00000,0x0000004cbeb00000] [id=6120]
  0x0000018cff95fc80 WatcherThread [stack: 0x0000004cbf500000,0x0000004cbf600000] [id=27848]
  0x0000018cd05d90f0 GCTaskThread "GC Thread#0" [stack: 0x0000004cbe500000,0x0000004cbe600000] [id=23956]
  0x0000018cd05eafe0 ConcurrentGCThread "G1 Main Marker" [stack: 0x0000004cbe600000,0x0000004cbe700000] [id=24964]
  0x0000018cd05ec100 ConcurrentGCThread "G1 Conc#0" [stack: 0x0000004cbe700000,0x0000004cbe800000] [id=17736]
  0x0000018cd063d9d0 ConcurrentGCThread "G1 Refine#0" [stack: 0x0000004cbe800000,0x0000004cbe900000] [id=21700]
  0x0000018cd063e360 ConcurrentGCThread "G1 Service" [stack: 0x0000004cbe900000,0x0000004cbea00000] [id=27028]

Threads with active compile tasks:

VM state: not at safepoint (normal execution)

VM Mutex/Monitor currently owned by a thread: None

Heap address: 0x0000000600c00000, size: 8180 MB, Compressed Oops mode: Zero based, Oop shift amount: 3

CDS archive(s) mapped at: [0x0000000800000000-0x0000000800bb0000-0x0000000800bb0000), size 12255232, SharedBaseAddress: 0x0000000800000000, ArchiveRelocationMode: 0.
Compressed class space mapped at: 0x0000000800c00000-0x0000000840c00000, reserved size: 1073741824
Narrow klass base: 0x0000000800000000, Narrow klass shift: 3, Narrow klass range: 0x100000000

GC Precious Log:
 CPUs: 12 total, 12 available
 Memory: 32713M
 Large Page Support: Disabled
 NUMA Support: Disabled
 Compressed Oops: Enabled (Zero based)
 Heap Region Size: 4M
 Heap Min Capacity: 8M
 Heap Initial Capacity: 512M
 Heap Max Capacity: 8180M
 Pre-touch: Disabled
 Parallel Workers: 10
 Concurrent Workers: 3
 Concurrent Refinement Workers: 10
 Periodic GC: Disabled

Heap:
 garbage-first heap   total 524288K, used 24576K [0x0000000600c00000, 0x0000000800000000)
  region size 4096K, 6 young (24576K), 0 survivors (0K)
 Metaspace       used 10416K, committed 10560K, reserved 1064960K
  class space    used 572K, committed 640K, reserved 1048576K

Heap Regions: E=young(eden), S=young(survivor), O=old, HS=humongous(starts), HC=humongous(continues), CS=collection set, F=free, OA=open archive, CA=closed archive, TAMS=top-at-mark-start (previous, next)
|   0|0x0000000600c00000, 0x0000000601000000, 0x0000000601000000|100%|HS|  |TAMS 0x0000000600c00000, 0x0000000600c00000| Complete 
|   1|0x0000000601000000, 0x0000000601000000, 0x0000000601400000|  0%| F|  |TAMS 0x0000000601000000, 0x0000000601000000| Untracked 
|   2|0x0000000601400000, 0x0000000601400000, 0x0000000601800000|  0%| F|  |TAMS 0x0000000601400000, 0x0000000601400000| Untracked 
|   3|0x0000000601800000, 0x0000000601800000, 0x0000000601c00000|  0%| F|  |TAMS 0x0000000601800000, 0x0000000601800000| Untracked 
|   4|0x0000000601c00000, 0x0000000601c00000, 0x0000000602000000|  0%| F|  |TAMS 0x0000000601c00000, 0x0000000601c00000| Untracked 
|   5|0x0000000602000000, 0x0000000602000000, 0x0000000602400000|  0%| F|  |TAMS 0x0000000602000000, 0x0000000602000000| Untracked 
|   6|0x0000000602400000, 0x0000000602400000, 0x0000000602800000|  0%| F|  |TAMS 0x0000000602400000, 0x0000000602400000| Untracked 
|   7|0x0000000602800000, 0x0000000602800000, 0x0000000602c00000|  0%| F|  |TAMS 0x0000000602800000, 0x0000000602800000| Untracked 
|   8|0x0000000602c00000, 0x0000000602c00000, 0x0000000603000000|  0%| F|  |TAMS 0x0000000602c00000, 0x0000000602c00000| Untracked 
|   9|0x0000000603000000, 0x0000000603000000, 0x0000000603400000|  0%| F|  |TAMS 0x0000000603000000, 0x0000000603000000| Untracked 
|  10|0x0000000603400000, 0x0000000603400000, 0x0000000603800000|  0%| F|  |TAMS 0x0000000603400000, 0x0000000603400000| Untracked 
|  11|0x0000000603800000, 0x0000000603800000, 0x0000000603c00000|  0%| F|  |TAMS 0x0000000603800000, 0x0000000603800000| Untracked 
|  12|0x0000000603c00000, 0x0000000603c00000, 0x0000000604000000|  0%| F|  |TAMS 0x0000000603c00000, 0x0000000603c00000| Untracked 
|  13|0x0000000604000000, 0x0000000604000000, 0x0000000604400000|  0%| F|  |TAMS 0x0000000604000000, 0x0000000604000000| Untracked 
|  14|0x0000000604400000, 0x0000000604400000, 0x0000000604800000|  0%| F|  |TAMS 0x0000000604400000, 0x0000000604400000| Untracked 
|  15|0x0000000604800000, 0x0000000604800000, 0x0000000604c00000|  0%| F|  |TAMS 0x0000000604800000, 0x0000000604800000| Untracked 
|  16|0x0000000604c00000, 0x0000000604c00000, 0x0000000605000000|  0%| F|  |TAMS 0x0000000604c00000, 0x0000000604c00000| Untracked 
|  17|0x0000000605000000, 0x0000000605000000, 0x0000000605400000|  0%| F|  |TAMS 0x0000000605000000, 0x0000000605000000| Untracked 
|  18|0x0000000605400000, 0x0000000605400000, 0x0000000605800000|  0%| F|  |TAMS 0x0000000605400000, 0x0000000605400000| Untracked 
|  19|0x0000000605800000, 0x0000000605800000, 0x0000000605c00000|  0%| F|  |TAMS 0x0000000605800000, 0x0000000605800000| Untracked 
|  20|0x0000000605c00000, 0x0000000605c00000, 0x0000000606000000|  0%| F|  |TAMS 0x0000000605c00000, 0x0000000605c00000| Untracked 
|  21|0x0000000606000000, 0x0000000606000000, 0x0000000606400000|  0%| F|  |TAMS 0x0000000606000000, 0x0000000606000000| Untracked 
|  22|0x0000000606400000, 0x0000000606400000, 0x0000000606800000|  0%| F|  |TAMS 0x0000000606400000, 0x0000000606400000| Untracked 
|  23|0x0000000606800000, 0x0000000606800000, 0x0000000606c00000|  0%| F|  |TAMS 0x0000000606800000, 0x0000000606800000| Untracked 
|  24|0x0000000606c00000, 0x0000000606c00000, 0x0000000607000000|  0%| F|  |TAMS 0x0000000606c00000, 0x0000000606c00000| Untracked 
|  25|0x0000000607000000, 0x0000000607000000, 0x0000000607400000|  0%| F|  |TAMS 0x0000000607000000, 0x0000000607000000| Untracked 
|  26|0x0000000607400000, 0x0000000607400000, 0x0000000607800000|  0%| F|  |TAMS 0x0000000607400000, 0x0000000607400000| Untracked 
|  27|0x0000000607800000, 0x0000000607800000, 0x0000000607c00000|  0%| F|  |TAMS 0x0000000607800000, 0x0000000607800000| Untracked 
|  28|0x0000000607c00000, 0x0000000607c00000, 0x0000000608000000|  0%| F|  |TAMS 0x0000000607c00000, 0x0000000607c00000| Untracked 
|  29|0x0000000608000000, 0x0000000608000000, 0x0000000608400000|  0%| F|  |TAMS 0x0000000608000000, 0x0000000608000000| Untracked 
|  30|0x0000000608400000, 0x0000000608400000, 0x0000000608800000|  0%| F|  |TAMS 0x0000000608400000, 0x0000000608400000| Untracked 
|  31|0x0000000608800000, 0x0000000608800000, 0x0000000608c00000|  0%| F|  |TAMS 0x0000000608800000, 0x0000000608800000| Untracked 
|  32|0x0000000608c00000, 0x0000000608c00000, 0x0000000609000000|  0%| F|  |TAMS 0x0000000608c00000, 0x0000000608c00000| Untracked 
|  33|0x0000000609000000, 0x0000000609000000, 0x0000000609400000|  0%| F|  |TAMS 0x0000000609000000, 0x0000000609000000| Untracked 
|  34|0x0000000609400000, 0x0000000609400000, 0x0000000609800000|  0%| F|  |TAMS 0x0000000609400000, 0x0000000609400000| Untracked 
|  35|0x0000000609800000, 0x0000000609800000, 0x0000000609c00000|  0%| F|  |TAMS 0x0000000609800000, 0x0000000609800000| Untracked 
|  36|0x0000000609c00000, 0x0000000609c00000, 0x000000060a000000|  0%| F|  |TAMS 0x0000000609c00000, 0x0000000609c00000| Untracked 
|  37|0x000000060a000000, 0x000000060a000000, 0x000000060a400000|  0%| F|  |TAMS 0x000000060a000000, 0x000000060a000000| Untracked 
|  38|0x000000060a400000, 0x000000060a400000, 0x000000060a800000|  0%| F|  |TAMS 0x000000060a400000, 0x000000060a400000| Untracked 
|  39|0x000000060a800000, 0x000000060a800000, 0x000000060ac00000|  0%| F|  |TAMS 0x000000060a800000, 0x000000060a800000| Untracked 
|  40|0x000000060ac00000, 0x000000060ac00000, 0x000000060b000000|  0%| F|  |TAMS 0x000000060ac00000, 0x000000060ac00000| Untracked 
|  41|0x000000060b000000, 0x000000060b000000, 0x000000060b400000|  0%| F|  |TAMS 0x000000060b000000, 0x000000060b000000| Untracked 
|  42|0x000000060b400000, 0x000000060b400000, 0x000000060b800000|  0%| F|  |TAMS 0x000000060b400000, 0x000000060b400000| Untracked 
|  43|0x000000060b800000, 0x000000060b800000, 0x000000060bc00000|  0%| F|  |TAMS 0x000000060b800000, 0x000000060b800000| Untracked 
|  44|0x000000060bc00000, 0x000000060bc00000, 0x000000060c000000|  0%| F|  |TAMS 0x000000060bc00000, 0x000000060bc00000| Untracked 
|  45|0x000000060c000000, 0x000000060c000000, 0x000000060c400000|  0%| F|  |TAMS 0x000000060c000000, 0x000000060c000000| Untracked 
|  46|0x000000060c400000, 0x000000060c400000, 0x000000060c800000|  0%| F|  |TAMS 0x000000060c400000, 0x000000060c400000| Untracked 
|  47|0x000000060c800000, 0x000000060c800000, 0x000000060cc00000|  0%| F|  |TAMS 0x000000060c800000, 0x000000060c800000| Untracked 
|  48|0x000000060cc00000, 0x000000060cc00000, 0x000000060d000000|  0%| F|  |TAMS 0x000000060cc00000, 0x000000060cc00000| Untracked 
|  49|0x000000060d000000, 0x000000060d000000, 0x000000060d400000|  0%| F|  |TAMS 0x000000060d000000, 0x000000060d000000| Untracked 
|  50|0x000000060d400000, 0x000000060d400000, 0x000000060d800000|  0%| F|  |TAMS 0x000000060d400000, 0x000000060d400000| Untracked 
|  51|0x000000060d800000, 0x000000060d800000, 0x000000060dc00000|  0%| F|  |TAMS 0x000000060d800000, 0x000000060d800000| Untracked 
|  52|0x000000060dc00000, 0x000000060dc00000, 0x000000060e000000|  0%| F|  |TAMS 0x000000060dc00000, 0x000000060dc00000| Untracked 
|  53|0x000000060e000000, 0x000000060e000000, 0x000000060e400000|  0%| F|  |TAMS 0x000000060e000000, 0x000000060e000000| Untracked 
|  54|0x000000060e400000, 0x000000060e400000, 0x000000060e800000|  0%| F|  |TAMS 0x000000060e400000, 0x000000060e400000| Untracked 
|  55|0x000000060e800000, 0x000000060e800000, 0x000000060ec00000|  0%| F|  |TAMS 0x000000060e800000, 0x000000060e800000| Untracked 
|  56|0x000000060ec00000, 0x000000060ec00000, 0x000000060f000000|  0%| F|  |TAMS 0x000000060ec00000, 0x000000060ec00000| Untracked 
|  57|0x000000060f000000, 0x000000060f000000, 0x000000060f400000|  0%| F|  |TAMS 0x000000060f000000, 0x000000060f000000| Untracked 
|  58|0x000000060f400000, 0x000000060f400000, 0x000000060f800000|  0%| F|  |TAMS 0x000000060f400000, 0x000000060f400000| Untracked 
|  59|0x000000060f800000, 0x000000060f800000, 0x000000060fc00000|  0%| F|  |TAMS 0x000000060f800000, 0x000000060f800000| Untracked 
|  60|0x000000060fc00000, 0x000000060fc00000, 0x0000000610000000|  0%| F|  |TAMS 0x000000060fc00000, 0x000000060fc00000| Untracked 
|  61|0x0000000610000000, 0x0000000610000000, 0x0000000610400000|  0%| F|  |TAMS 0x0000000610000000, 0x0000000610000000| Untracked 
|  62|0x0000000610400000, 0x0000000610400000, 0x0000000610800000|  0%| F|  |TAMS 0x0000000610400000, 0x0000000610400000| Untracked 
|  63|0x0000000610800000, 0x0000000610800000, 0x0000000610c00000|  0%| F|  |TAMS 0x0000000610800000, 0x0000000610800000| Untracked 
|  64|0x0000000610c00000, 0x0000000610c00000, 0x0000000611000000|  0%| F|  |TAMS 0x0000000610c00000, 0x0000000610c00000| Untracked 
|  65|0x0000000611000000, 0x0000000611000000, 0x0000000611400000|  0%| F|  |TAMS 0x0000000611000000, 0x0000000611000000| Untracked 
|  66|0x0000000611400000, 0x0000000611400000, 0x0000000611800000|  0%| F|  |TAMS 0x0000000611400000, 0x0000000611400000| Untracked 
|  67|0x0000000611800000, 0x0000000611800000, 0x0000000611c00000|  0%| F|  |TAMS 0x0000000611800000, 0x0000000611800000| Untracked 
|  68|0x0000000611c00000, 0x0000000611c00000, 0x0000000612000000|  0%| F|  |TAMS 0x0000000611c00000, 0x0000000611c00000| Untracked 
|  69|0x0000000612000000, 0x0000000612000000, 0x0000000612400000|  0%| F|  |TAMS 0x0000000612000000, 0x0000000612000000| Untracked 
|  70|0x0000000612400000, 0x0000000612400000, 0x0000000612800000|  0%| F|  |TAMS 0x0000000612400000, 0x0000000612400000| Untracked 
|  71|0x0000000612800000, 0x0000000612800000, 0x0000000612c00000|  0%| F|  |TAMS 0x0000000612800000, 0x0000000612800000| Untracked 
|  72|0x0000000612c00000, 0x0000000612c00000, 0x0000000613000000|  0%| F|  |TAMS 0x0000000612c00000, 0x0000000612c00000| Untracked 
|  73|0x0000000613000000, 0x0000000613000000, 0x0000000613400000|  0%| F|  |TAMS 0x0000000613000000, 0x0000000613000000| Untracked 
|  74|0x0000000613400000, 0x0000000613400000, 0x0000000613800000|  0%| F|  |TAMS 0x0000000613400000, 0x0000000613400000| Untracked 
|  75|0x0000000613800000, 0x0000000613800000, 0x0000000613c00000|  0%| F|  |TAMS 0x0000000613800000, 0x0000000613800000| Untracked 
|  76|0x0000000613c00000, 0x0000000613c00000, 0x0000000614000000|  0%| F|  |TAMS 0x0000000613c00000, 0x0000000613c00000| Untracked 
|  77|0x0000000614000000, 0x0000000614000000, 0x0000000614400000|  0%| F|  |TAMS 0x0000000614000000, 0x0000000614000000| Untracked 
|  78|0x0000000614400000, 0x0000000614400000, 0x0000000614800000|  0%| F|  |TAMS 0x0000000614400000, 0x0000000614400000| Untracked 
|  79|0x0000000614800000, 0x0000000614800000, 0x0000000614c00000|  0%| F|  |TAMS 0x0000000614800000, 0x0000000614800000| Untracked 
|  80|0x0000000614c00000, 0x0000000614c00000, 0x0000000615000000|  0%| F|  |TAMS 0x0000000614c00000, 0x0000000614c00000| Untracked 
|  81|0x0000000615000000, 0x0000000615000000, 0x0000000615400000|  0%| F|  |TAMS 0x0000000615000000, 0x0000000615000000| Untracked 
|  82|0x0000000615400000, 0x0000000615400000, 0x0000000615800000|  0%| F|  |TAMS 0x0000000615400000, 0x0000000615400000| Untracked 
|  83|0x0000000615800000, 0x0000000615800000, 0x0000000615c00000|  0%| F|  |TAMS 0x0000000615800000, 0x0000000615800000| Untracked 
|  84|0x0000000615c00000, 0x0000000615c00000, 0x0000000616000000|  0%| F|  |TAMS 0x0000000615c00000, 0x0000000615c00000| Untracked 
|  85|0x0000000616000000, 0x0000000616000000, 0x0000000616400000|  0%| F|  |TAMS 0x0000000616000000, 0x0000000616000000| Untracked 
|  86|0x0000000616400000, 0x0000000616400000, 0x0000000616800000|  0%| F|  |TAMS 0x0000000616400000, 0x0000000616400000| Untracked 
|  87|0x0000000616800000, 0x0000000616800000, 0x0000000616c00000|  0%| F|  |TAMS 0x0000000616800000, 0x0000000616800000| Untracked 
|  88|0x0000000616c00000, 0x0000000616c00000, 0x0000000617000000|  0%| F|  |TAMS 0x0000000616c00000, 0x0000000616c00000| Untracked 
|  89|0x0000000617000000, 0x0000000617000000, 0x0000000617400000|  0%| F|  |TAMS 0x0000000617000000, 0x0000000617000000| Untracked 
|  90|0x0000000617400000, 0x0000000617400000, 0x0000000617800000|  0%| F|  |TAMS 0x0000000617400000, 0x0000000617400000| Untracked 
|  91|0x0000000617800000, 0x0000000617800000, 0x0000000617c00000|  0%| F|  |TAMS 0x0000000617800000, 0x0000000617800000| Untracked 
|  92|0x0000000617c00000, 0x0000000617c00000, 0x0000000618000000|  0%| F|  |TAMS 0x0000000617c00000, 0x0000000617c00000| Untracked 
|  93|0x0000000618000000, 0x0000000618000000, 0x0000000618400000|  0%| F|  |TAMS 0x0000000618000000, 0x0000000618000000| Untracked 
|  94|0x0000000618400000, 0x0000000618400000, 0x0000000618800000|  0%| F|  |TAMS 0x0000000618400000, 0x0000000618400000| Untracked 
|  95|0x0000000618800000, 0x0000000618800000, 0x0000000618c00000|  0%| F|  |TAMS 0x0000000618800000, 0x0000000618800000| Untracked 
|  96|0x0000000618c00000, 0x0000000618c00000, 0x0000000619000000|  0%| F|  |TAMS 0x0000000618c00000, 0x0000000618c00000| Untracked 
|  97|0x0000000619000000, 0x0000000619000000, 0x0000000619400000|  0%| F|  |TAMS 0x0000000619000000, 0x0000000619000000| Untracked 
|  98|0x0000000619400000, 0x0000000619400000, 0x0000000619800000|  0%| F|  |TAMS 0x0000000619400000, 0x0000000619400000| Untracked 
|  99|0x0000000619800000, 0x0000000619800000, 0x0000000619c00000|  0%| F|  |TAMS 0x0000000619800000, 0x0000000619800000| Untracked 
| 100|0x0000000619c00000, 0x0000000619c00000, 0x000000061a000000|  0%| F|  |TAMS 0x0000000619c00000, 0x0000000619c00000| Untracked 
| 101|0x000000061a000000, 0x000000061a000000, 0x000000061a400000|  0%| F|  |TAMS 0x000000061a000000, 0x000000061a000000| Untracked 
| 102|0x000000061a400000, 0x000000061a400000, 0x000000061a800000|  0%| F|  |TAMS 0x000000061a400000, 0x000000061a400000| Untracked 
| 103|0x000000061a800000, 0x000000061a800000, 0x000000061ac00000|  0%| F|  |TAMS 0x000000061a800000, 0x000000061a800000| Untracked 
| 104|0x000000061ac00000, 0x000000061ac00000, 0x000000061b000000|  0%| F|  |TAMS 0x000000061ac00000, 0x000000061ac00000| Untracked 
| 105|0x000000061b000000, 0x000000061b000000, 0x000000061b400000|  0%| F|  |TAMS 0x000000061b000000, 0x000000061b000000| Untracked 
| 106|0x000000061b400000, 0x000000061b400000, 0x000000061b800000|  0%| F|  |TAMS 0x000000061b400000, 0x000000061b400000| Untracked 
| 107|0x000000061b800000, 0x000000061b800000, 0x000000061bc00000|  0%| F|  |TAMS 0x000000061b800000, 0x000000061b800000| Untracked 
| 108|0x000000061bc00000, 0x000000061bc00000, 0x000000061c000000|  0%| F|  |TAMS 0x000000061bc00000, 0x000000061bc00000| Untracked 
| 109|0x000000061c000000, 0x000000061c000000, 0x000000061c400000|  0%| F|  |TAMS 0x000000061c000000, 0x000000061c000000| Untracked 
| 110|0x000000061c400000, 0x000000061c400000, 0x000000061c800000|  0%| F|  |TAMS 0x000000061c400000, 0x000000061c400000| Untracked 
| 111|0x000000061c800000, 0x000000061c800000, 0x000000061cc00000|  0%| F|  |TAMS 0x000000061c800000, 0x000000061c800000| Untracked 
| 112|0x000000061cc00000, 0x000000061cc00000, 0x000000061d000000|  0%| F|  |TAMS 0x000000061cc00000, 0x000000061cc00000| Untracked 
| 113|0x000000061d000000, 0x000000061d000000, 0x000000061d400000|  0%| F|  |TAMS 0x000000061d000000, 0x000000061d000000| Untracked 
| 114|0x000000061d400000, 0x000000061d400000, 0x000000061d800000|  0%| F|  |TAMS 0x000000061d400000, 0x000000061d400000| Untracked 
| 115|0x000000061d800000, 0x000000061d800000, 0x000000061dc00000|  0%| F|  |TAMS 0x000000061d800000, 0x000000061d800000| Untracked 
| 116|0x000000061dc00000, 0x000000061dc00000, 0x000000061e000000|  0%| F|  |TAMS 0x000000061dc00000, 0x000000061dc00000| Untracked 
| 117|0x000000061e000000, 0x000000061e000000, 0x000000061e400000|  0%| F|  |TAMS 0x000000061e000000, 0x000000061e000000| Untracked 
| 118|0x000000061e400000, 0x000000061e400000, 0x000000061e800000|  0%| F|  |TAMS 0x000000061e400000, 0x000000061e400000| Untracked 
| 119|0x000000061e800000, 0x000000061e800000, 0x000000061ec00000|  0%| F|  |TAMS 0x000000061e800000, 0x000000061e800000| Untracked 
| 120|0x000000061ec00000, 0x000000061ec00000, 0x000000061f000000|  0%| F|  |TAMS 0x000000061ec00000, 0x000000061ec00000| Untracked 
| 121|0x000000061f000000, 0x000000061f000000, 0x000000061f400000|  0%| F|  |TAMS 0x000000061f000000, 0x000000061f000000| Untracked 
| 122|0x000000061f400000, 0x000000061f799da8, 0x000000061f800000| 90%| E|  |TAMS 0x000000061f400000, 0x000000061f400000| Complete 
| 123|0x000000061f800000, 0x000000061fc00000, 0x000000061fc00000|100%| E|CS|TAMS 0x000000061f800000, 0x000000061f800000| Complete 
| 124|0x000000061fc00000, 0x0000000620000000, 0x0000000620000000|100%| E|CS|TAMS 0x000000061fc00000, 0x000000061fc00000| Complete 
| 125|0x0000000620000000, 0x0000000620400000, 0x0000000620400000|100%| E|CS|TAMS 0x0000000620000000, 0x0000000620000000| Complete 
| 126|0x0000000620400000, 0x0000000620800000, 0x0000000620800000|100%| E|CS|TAMS 0x0000000620400000, 0x0000000620400000| Complete 
| 127|0x0000000620800000, 0x0000000620c00000, 0x0000000620c00000|100%| E|CS|TAMS 0x0000000620800000, 0x0000000620800000| Complete 

Card table byte_map: [0x0000018cea180000,0x0000018ceb180000] _byte_map_base: 0x0000018ce717a000

Marking Bits (Prev, Next): (CMBitMap*) 0x0000018cd05d9670, (CMBitMap*) 0x0000018cd05d96b0
 Prev Bits: [0x0000018cec180000, 0x0000018cf4150000)
 Next Bits: [0x0000018cf4150000, 0x0000018cfc120000)

Polling page: 0x0000018cd03c0000

Metaspace:

Usage:
  Non-class:      9.61 MB used.
      Class:    572.62 KB used.
       Both:     10.17 MB used.

Virtual space:
  Non-class space:       16.00 MB reserved,       9.69 MB ( 61%) committed,  2 nodes.
      Class space:        1.00 GB reserved,     640.00 KB ( <1%) committed,  1 nodes.
              Both:        1.02 GB reserved,      10.31 MB ( <1%) committed. 

Chunk freelists:
   Non-Class:  1.50 MB
       Class:  3.38 MB
        Both:  4.88 MB

MaxMetaspaceSize: 17179869184.00 GB
CompressedClassSpaceSize: 1.00 GB
 - commit_granule_bytes: 65536.
 - commit_granule_words: 8192.
 - virtual_space_node_default_size: 1048576.
 - enlarge_chunks_in_place: 1.
 - new_chunks_are_fully_committed: 0.
 - uncommit_free_chunks: 1.
 - use_allocation_guard: 0.
 - handle_deallocations: 1.


Internal statistics:

num_allocs_failed_limit: 0.
num_arena_births: 132.
num_arena_deaths: 0.
num_vsnodes_births: 3.
num_vsnodes_deaths: 0.
num_space_committed: 163.
num_space_uncommitted: 0.
num_chunks_returned_to_freelist: 0.
num_chunks_taken_from_freelist: 395.
num_chunk_merges: 0.
num_chunk_splits: 296.
num_chunks_enlarged: 235.
num_purges: 0.

CodeHeap 'non-profiled nmethods': size=120000Kb used=307Kb max_used=307Kb free=119692Kb
 bounds [0x0000018ce0fd0000, 0x0000018ce1240000, 0x0000018ce8500000]
CodeHeap 'profiled nmethods': size=120000Kb used=1687Kb max_used=1687Kb free=118312Kb
 bounds [0x0000018cd9aa0000, 0x0000018cd9d10000, 0x0000018ce0fd0000]
CodeHeap 'non-nmethods': size=5760Kb used=1702Kb max_used=1718Kb free=4057Kb
 bounds [0x0000018cd9500000, 0x0000018cd9770000, 0x0000018cd9aa0000]
 total_blobs=2149 nmethods=996 adapters=1066
 compilation: enabled
              stopped_count=0, restarted_count=0
 full_count=0

Compilation events (20 events):
Event: 1.014 Thread 0x0000018cff808e70  987       3       jdk.internal.loader.URLClassPath$JarLoader$2::getCodeSigners (8 bytes)
Event: 1.014 Thread 0x0000018cff808e70 nmethod 987 0x0000018cd9c3f290 code [0x0000018cd9c3f440, 0x0000018cd9c3f628]
Event: 1.015 Thread 0x0000018cff808e70  988       3       java.util.zip.ZipFile::getZipEntry (322 bytes)
Event: 1.017 Thread 0x0000018cff808e70 nmethod 988 0x0000018cd9c3f710 code [0x0000018cd9c3fb80, 0x0000018cd9c422f8]
Event: 1.019 Thread 0x0000018cff808e70  989   !   3       jdk.internal.loader.Resource::getBytes (244 bytes)
Event: 1.020 Thread 0x0000018cff808e70 nmethod 989 0x0000018cd9c43190 code [0x0000018cd9c434a0, 0x0000018cd9c44948]
Event: 1.023 Thread 0x0000018cff808e70  990       3       org.joml.Math::fma (19 bytes)
Event: 1.023 Thread 0x0000018cff808e70 nmethod 990 0x0000018cd9c45210 code [0x0000018cd9c453a0, 0x0000018cd9c45498]
Event: 1.024 Thread 0x0000018cff808470  991       4       java.util.HashMap::getNode (150 bytes)
Event: 1.025 Thread 0x0000018cff808e70  992       3       java.lang.String::substring (58 bytes)
Event: 1.025 Thread 0x0000018cff808e70 nmethod 992 0x0000018cd9c45510 code [0x0000018cd9c45700, 0x0000018cd9c45ba8]
Event: 1.025 Thread 0x0000018cff808e70  994       1       kotlin.ranges.IntProgressionIterator::hasNext (5 bytes)
Event: 1.025 Thread 0x0000018cff808e70 nmethod 994 0x0000018ce101b810 code [0x0000018ce101b9a0, 0x0000018ce101ba78]
Event: 1.025 Thread 0x0000018cff808e70  995       1       com.balduvian.cnge.graphics.Window::getInput (5 bytes)
Event: 1.025 Thread 0x0000018cff808e70 nmethod 995 0x0000018ce101bb10 code [0x0000018ce101bca0, 0x0000018ce101bd78]
Event: 1.025 Thread 0x0000018cff808e70  993       1       com.balduvian.cnge.graphics.Input::getKeys (5 bytes)
Event: 1.025 Thread 0x0000018cff808e70 nmethod 993 0x0000018ce101be10 code [0x0000018ce101bfa0, 0x0000018ce101c078]
Event: 1.027 Thread 0x0000018cff808470 nmethod 991 0x0000018ce101c110 code [0x0000018ce101c2c0, 0x0000018ce101c828]
Event: 1.174 Thread 0x0000018cff808470  996       4       sun.misc.Unsafe::putInt (11 bytes)
Event: 1.174 Thread 0x0000018cff808470 nmethod 996 0x0000018ce101cb90 code [0x0000018ce101cd20, 0x0000018ce101cdb8]

GC Heap History (0 events):
No events

Deoptimization events (20 events):
Event: 0.598 Thread 0x0000018cd0569210 Uncommon trap: trap_request=0xffffff5c fr.pc=0x0000018ce0ff94f8 relative=0x0000000000000058
Event: 0.598 Thread 0x0000018cd0569210 Uncommon trap: reason=speculate_null_check action=make_not_entrant pc=0x0000018ce0ff94f8 method=sun.misc.Unsafe.getLong(Ljava/lang/Object;J)J @ 5 c2
Event: 0.599 Thread 0x0000018cd0569210 DEOPT PACKING pc=0x0000018ce0ff94f8 sp=0x0000004cbe4ff100
Event: 0.599 Thread 0x0000018cd0569210 DEOPT UNPACKING pc=0x0000018cd954d72e sp=0x0000004cbe4ff078 mode 2
Event: 0.603 Thread 0x0000018cd0569210 Uncommon trap: trap_request=0xffffff54 fr.pc=0x0000018ce0ff97fc relative=0x000000000000005c
Event: 0.603 Thread 0x0000018cd0569210 Uncommon trap: reason=speculate_null_assert action=make_not_entrant pc=0x0000018ce0ff97fc method=sun.misc.Unsafe.getLong(Ljava/lang/Object;J)J @ 5 c2
Event: 0.603 Thread 0x0000018cd0569210 DEOPT PACKING pc=0x0000018ce0ff97fc sp=0x0000004cbe4ff190
Event: 0.603 Thread 0x0000018cd0569210 DEOPT UNPACKING pc=0x0000018cd954d72e sp=0x0000004cbe4ff118 mode 2
Event: 0.770 Thread 0x0000018cd0569210 Uncommon trap: trap_request=0xffffff45 fr.pc=0x0000018ce100da38 relative=0x0000000000000098
Event: 0.770 Thread 0x0000018cd0569210 Uncommon trap: reason=unstable_if action=reinterpret pc=0x0000018ce100da38 method=com.sun.imageio.plugins.png.PNGImageReader.paethPredictor(III)I @ 41 c2
Event: 0.770 Thread 0x0000018cd0569210 DEOPT PACKING pc=0x0000018ce100da38 sp=0x0000004cbe4fef40
Event: 0.770 Thread 0x0000018cd0569210 DEOPT UNPACKING pc=0x0000018cd954d72e sp=0x0000004cbe4feeb0 mode 2
Event: 0.808 Thread 0x0000018cd0569210 Uncommon trap: trap_request=0xffffff45 fr.pc=0x0000018ce0ffd0a0 relative=0x0000000000000380
Event: 0.808 Thread 0x0000018cd0569210 Uncommon trap: reason=unstable_if action=reinterpret pc=0x0000018ce0ffd0a0 method=java.lang.StringLatin1.newString([BII)Ljava/lang/String; @ 1 c2
Event: 0.808 Thread 0x0000018cd0569210 DEOPT PACKING pc=0x0000018ce0ffd0a0 sp=0x0000004cbe4fcd20
Event: 0.808 Thread 0x0000018cd0569210 DEOPT UNPACKING pc=0x0000018cd954d72e sp=0x0000004cbe4fcd00 mode 2
Event: 1.024 Thread 0x0000018cd0569210 Uncommon trap: trap_request=0xffffff45 fr.pc=0x0000018ce1012fa4 relative=0x0000000000000464
Event: 1.024 Thread 0x0000018cd0569210 Uncommon trap: reason=unstable_if action=reinterpret pc=0x0000018ce1012fa4 method=java.lang.StringLatin1.newString([BII)Ljava/lang/String; @ 1 c2
Event: 1.024 Thread 0x0000018cd0569210 DEOPT PACKING pc=0x0000018ce1012fa4 sp=0x0000004cbe4ff0b0
Event: 1.024 Thread 0x0000018cd0569210 DEOPT UNPACKING pc=0x0000018cd954d72e sp=0x0000004cbe4ff010 mode 2

Classes unloaded (0 events):
No events

Classes redefined (0 events):
No events

Internal exceptions (20 events):
Event: 0.120 Thread 0x0000018cd0569210 Exception <a 'java/lang/NoSuchMethodError'{0x0000000620503590}: 'java.lang.Object java.lang.invoke.DirectMethodHandle$Holder.newInvokeSpecial(java.lang.Object, java.lang.Object, long)'> (0x0000000620503590) 
thrown [t:\workspace\open\src\hotspot\share\interpreter\linkResolver.cpp, line 790]
Event: 0.121 Thread 0x0000018cd0569210 Exception <a 'java/lang/NoSuchMethodError'{0x0000000620507990}: 'java.lang.Object java.lang.invoke.Invokers$Holder.linkToTargetMethod(java.lang.Object, long, java.lang.Object)'> (0x0000000620507990) 
thrown [t:\workspace\open\src\hotspot\share\interpreter\linkResolver.cpp, line 790]
Event: 0.121 Thread 0x0000018cd0569210 Exception <a 'java/lang/NoSuchMethodError'{0x000000062050f6e0}: 'int java.lang.invoke.DirectMethodHandle$Holder.invokeStaticInit(java.lang.Object, java.lang.Object, java.lang.Object, long)'> (0x000000062050f6e0) 
thrown [t:\workspace\open\src\hotspot\share\interpreter\linkResolver.cpp, line 790]
Event: 0.136 Thread 0x0000018cd0569210 Exception <a 'sun/nio/fs/WindowsException'{0x00000006205b6ec8}> (0x00000006205b6ec8) 
thrown [t:\workspace\open\src\hotspot\share\prims\jni.cpp, line 579]
Event: 0.136 Thread 0x0000018cd0569210 Exception <a 'sun/nio/fs/WindowsException'{0x00000006205b7228}> (0x00000006205b7228) 
thrown [t:\workspace\open\src\hotspot\share\prims\jni.cpp, line 579]
Event: 0.167 Thread 0x0000018cd0569210 Exception <a 'sun/nio/fs/WindowsException'{0x000000062065e630}> (0x000000062065e630) 
thrown [t:\workspace\open\src\hotspot\share\prims\jni.cpp, line 579]
Event: 0.167 Thread 0x0000018cd0569210 Exception <a 'sun/nio/fs/WindowsException'{0x000000062065e9b0}> (0x000000062065e9b0) 
thrown [t:\workspace\open\src\hotspot\share\prims\jni.cpp, line 579]
Event: 0.298 Thread 0x0000018cd0569210 Exception <a 'java/lang/NoSuchMethodError'{0x000000062069a028}: 'java.lang.Object java.lang.invoke.DirectMethodHandle$Holder.newInvokeSpecial(java.lang.Object, long)'> (0x000000062069a028) 
thrown [t:\workspace\open\src\hotspot\share\interpreter\linkResolver.cpp, line 790]
Event: 0.591 Thread 0x0000018cd0569210 Exception <a 'sun/nio/fs/WindowsException'{0x00000006206f1378}> (0x00000006206f1378) 
thrown [t:\workspace\open\src\hotspot\share\prims\jni.cpp, line 579]
Event: 0.591 Thread 0x0000018cd0569210 Exception <a 'sun/nio/fs/WindowsException'{0x00000006206f1720}> (0x00000006206f1720) 
thrown [t:\workspace\open\src\hotspot\share\prims\jni.cpp, line 579]
Event: 0.594 Thread 0x0000018cd0569210 Exception <a 'sun/nio/fs/WindowsException'{0x00000006206feca8}> (0x00000006206feca8) 
thrown [t:\workspace\open\src\hotspot\share\prims\jni.cpp, line 579]
Event: 0.594 Thread 0x0000018cd0569210 Exception <a 'sun/nio/fs/WindowsException'{0x00000006206fef88}> (0x00000006206fef88) 
thrown [t:\workspace\open\src\hotspot\share\prims\jni.cpp, line 579]
Event: 0.680 Thread 0x0000018cd0569210 Exception <a 'java/lang/ClassNotFoundException'{0x00000006200c53c0}: sun/awt/resources/spi/awtProvider> (0x00000006200c53c0) 
thrown [t:\workspace\open\src\hotspot\share\classfile\systemDictionary.cpp, line 256]
Event: 0.698 Thread 0x0000018cd0569210 Exception <a 'java/io/FileNotFoundException'{0x0000000620117340}> (0x0000000620117340) 
thrown [t:\workspace\open\src\hotspot\share\prims\jni.cpp, line 579]
Event: 0.703 Thread 0x0000018cd0569210 Exception <a 'java/io/FileNotFoundException'{0x0000000620145bb8}> (0x0000000620145bb8) 
thrown [t:\workspace\open\src\hotspot\share\prims\jni.cpp, line 579]
Event: 0.724 Thread 0x0000018cd0569210 Exception <a 'java/lang/NoSuchMethodError'{0x00000006201cb2b0}: 'java.lang.Object java.lang.invoke.DirectMethodHandle$Holder.invokeStaticInit(java.lang.Object, int, int, int, int)'> (0x00000006201cb2b0) 
thrown [t:\workspace\open\src\hotspot\share\interpreter\linkResolver.cpp, line 790]
Event: 0.755 Thread 0x0000018cd0569210 Exception <a 'java/lang/NoSuchMethodError'{0x00000006202919d8}: 'java.lang.Object java.lang.invoke.DirectMethodHandle$Holder.invokeStaticInit(java.lang.Object, java.lang.Object, int, int, int, int)'> (0x00000006202919d8) 
thrown [t:\workspace\open\src\hotspot\share\interpreter\linkResolver.cpp, line 790]
Event: 0.788 Thread 0x0000018cd0569210 Exception <a 'java/lang/NoSuchMethodError'{0x000000062037c430}: 'void java.lang.invoke.DirectMethodHandle$Holder.invokeStatic(java.lang.Object, long)'> (0x000000062037c430) 
thrown [t:\workspace\open\src\hotspot\share\interpreter\linkResolver.cpp, line 790]
Event: 0.954 Thread 0x0000018cff9689b0 Exception <a 'java/lang/InterruptedException'{0x0000000620a7e8a8}: sleep interrupted> (0x0000000620a7e8a8) 
thrown [t:\workspace\open\src\hotspot\share\prims\jvm.cpp, line 3305]
Event: 0.961 Thread 0x0000018cff9689b0 Exception <a 'java/lang/InterruptedException'{0x0000000620a7ebb8}: sleep interrupted> (0x0000000620a7ebb8) 
thrown [t:\workspace\open\src\hotspot\share\prims\jvm.cpp, line 3305]

Events (20 events):
Event: 0.964 loading class com/sun/media/sound/WaveFileReader
Event: 0.964 loading class com/sun/media/sound/WaveFileReader done
Event: 0.964 loading class com/sun/media/sound/WaveFloatFileReader
Event: 0.964 loading class com/sun/media/sound/WaveFloatFileReader done
Event: 0.964 loading class com/sun/media/sound/WaveExtensibleFileReader
Event: 0.964 loading class com/sun/media/sound/WaveExtensibleFileReader done
Event: 0.964 loading class com/sun/media/sound/WaveExtensibleFileReader$GUID
Event: 0.964 loading class com/sun/media/sound/WaveExtensibleFileReader$GUID done
Event: 0.964 loading class com/sun/media/sound/RIFFReader
Event: 0.965 loading class com/sun/media/sound/RIFFReader done
Event: 0.965 loading class java/io/EOFException
Event: 0.965 loading class java/io/EOFException done
Event: 0.965 loading class com/sun/media/sound/WaveFileFormat
Event: 0.965 loading class com/sun/media/sound/StandardFileFormat
Event: 0.965 loading class javax/sound/sampled/AudioFileFormat
Event: 0.965 loading class javax/sound/sampled/AudioFileFormat done
Event: 0.965 loading class com/sun/media/sound/StandardFileFormat done
Event: 0.965 loading class com/sun/media/sound/WaveFileFormat done
Event: 0.970 loading class java/lang/SecurityException
Event: 0.970 loading class java/lang/SecurityException done


Dynamic libraries:
0x00007ff67d1f0000 - 0x00007ff67d1fe000 	C:\Program Files\Java\jdk-16.0.1\bin\java.exe
0x00007ff89de00000 - 0x00007ff89e009000 	C:\WINDOWS\SYSTEM32\ntdll.dll
0x00007ff89cea0000 - 0x00007ff89cf5d000 	C:\WINDOWS\System32\KERNEL32.DLL
0x00007ff89b7c0000 - 0x00007ff89bb34000 	C:\WINDOWS\System32\KERNELBASE.dll
0x00007ff89b410000 - 0x00007ff89b521000 	C:\WINDOWS\System32\ucrtbase.dll
0x00007ff82db70000 - 0x00007ff82db89000 	C:\Program Files\Java\jdk-16.0.1\bin\VCRUNTIME140.dll
0x00007ff82db50000 - 0x00007ff82db68000 	C:\Program Files\Java\jdk-16.0.1\bin\jli.dll
0x00007ff89d120000 - 0x00007ff89d2cc000 	C:\WINDOWS\System32\USER32.dll
0x00007ff89b790000 - 0x00007ff89b7b6000 	C:\WINDOWS\System32\win32u.dll
0x00007ff879a10000 - 0x00007ff879cb5000 	C:\WINDOWS\WinSxS\amd64_microsoft.windows.common-controls_6595b64144ccf1df_6.0.22000.120_none_9d947278b86cc467\COMCTL32.dll
0x00007ff89dcf0000 - 0x00007ff89dd19000 	C:\WINDOWS\System32\GDI32.dll
0x00007ff89cc10000 - 0x00007ff89ccb3000 	C:\WINDOWS\System32\msvcrt.dll
0x00007ff89b2f0000 - 0x00007ff89b402000 	C:\WINDOWS\System32\gdi32full.dll
0x00007ff89bb40000 - 0x00007ff89bbdd000 	C:\WINDOWS\System32\msvcp_win.dll
0x00007ff89dcb0000 - 0x00007ff89dce1000 	C:\WINDOWS\System32\IMM32.DLL
0x00007ff82db30000 - 0x00007ff82db3c000 	C:\Program Files\Java\jdk-16.0.1\bin\vcruntime140_1.dll
0x00007ff82da90000 - 0x00007ff82db21000 	C:\Program Files\Java\jdk-16.0.1\bin\msvcp140.dll
0x00007ff82c550000 - 0x00007ff82d0fb000 	C:\Program Files\Java\jdk-16.0.1\bin\server\jvm.dll
0x00007ff89d400000 - 0x00007ff89d4ae000 	C:\WINDOWS\System32\ADVAPI32.dll
0x00007ff89dd20000 - 0x00007ff89ddbe000 	C:\WINDOWS\System32\sechost.dll
0x00007ff89d2e0000 - 0x00007ff89d400000 	C:\WINDOWS\System32\RPCRT4.dll
0x00007ff89d6c0000 - 0x00007ff89d6c8000 	C:\WINDOWS\System32\PSAPI.DLL
0x00007ff894030000 - 0x00007ff894063000 	C:\WINDOWS\SYSTEM32\WINMM.dll
0x00007ff894100000 - 0x00007ff89410a000 	C:\WINDOWS\SYSTEM32\VERSION.dll
0x00007ff888250000 - 0x00007ff888259000 	C:\WINDOWS\SYSTEM32\WSOCK32.dll
0x00007ff89dc40000 - 0x00007ff89dcaf000 	C:\WINDOWS\System32\WS2_32.dll
0x00007ff89a4a0000 - 0x00007ff89a4b8000 	C:\WINDOWS\SYSTEM32\kernel.appcore.dll
0x00007ff82da80000 - 0x00007ff82da8a000 	C:\Program Files\Java\jdk-16.0.1\bin\jimage.dll
0x00007ff891ce0000 - 0x00007ff891f01000 	C:\WINDOWS\SYSTEM32\DBGHELP.DLL
0x00007ff891c50000 - 0x00007ff891c81000 	C:\WINDOWS\SYSTEM32\dbgcore.DLL
0x00007ff89b5a0000 - 0x00007ff89b61f000 	C:\WINDOWS\System32\bcryptPrimitives.dll
0x00007ff82d5f0000 - 0x00007ff82d615000 	C:\Program Files\Java\jdk-16.0.1\bin\java.dll
0x00007ff89c1c0000 - 0x00007ff89c96e000 	C:\WINDOWS\System32\SHELL32.dll
0x00007ff8993b0000 - 0x00007ff899c18000 	C:\WINDOWS\SYSTEM32\windows.storage.dll
0x00007ff89be40000 - 0x00007ff89c1b8000 	C:\WINDOWS\System32\combase.dll
0x00007ff899240000 - 0x00007ff8993a6000 	C:\WINDOWS\SYSTEM32\wintypes.dll
0x00007ff89ccc0000 - 0x00007ff89cdaa000 	C:\WINDOWS\System32\SHCORE.dll
0x00007ff89d0a0000 - 0x00007ff89d0fd000 	C:\WINDOWS\System32\shlwapi.dll
0x00007ff89b220000 - 0x00007ff89b241000 	C:\WINDOWS\SYSTEM32\profapi.dll
0x00007ff82d430000 - 0x00007ff82d449000 	C:\Program Files\Java\jdk-16.0.1\bin\net.dll
0x00007ff893af0000 - 0x00007ff893bfc000 	C:\WINDOWS\SYSTEM32\WINHTTP.dll
0x00007ff89a8d0000 - 0x00007ff89a937000 	C:\WINDOWS\system32\mswsock.dll
0x00007ff82d410000 - 0x00007ff82d423000 	C:\Program Files\Java\jdk-16.0.1\bin\nio.dll
0x00007ff82d3f0000 - 0x00007ff82d408000 	C:\Program Files\Java\jdk-16.0.1\bin\zip.dll
0x00007ff869f70000 - 0x00007ff869fe5000 	C:\Users\Emmet\AppData\Local\Temp\lwjglEmmet\3.3.1-build-7\lwjgl.dll
0x00007ff869a90000 - 0x00007ff869af1000 	C:\Users\Emmet\AppData\Local\Temp\lwjglEmmet\3.3.1-build-7\glfw.dll
0x00007ff869e10000 - 0x00007ff869e55000 	C:\WINDOWS\SYSTEM32\dinput8.dll
0x00007ff853770000 - 0x00007ff853781000 	C:\WINDOWS\SYSTEM32\xinput1_4.dll
0x00007ff89afc0000 - 0x00007ff89b00c000 	C:\WINDOWS\SYSTEM32\cfgmgr32.dll
0x00007ff89b010000 - 0x00007ff89b03c000 	C:\WINDOWS\SYSTEM32\DEVOBJ.dll
0x00007ff898d30000 - 0x00007ff898d5f000 	C:\WINDOWS\SYSTEM32\dwmapi.dll
0x00007ff874910000 - 0x00007ff874ad9000 	C:\WINDOWS\SYSTEM32\inputhost.dll
0x00007ff8983e0000 - 0x00007ff898512000 	C:\WINDOWS\SYSTEM32\CoreMessaging.dll
0x00007ff89ab20000 - 0x00007ff89ab2c000 	C:\WINDOWS\SYSTEM32\CRYPTBASE.DLL
0x00007ff898990000 - 0x00007ff898a3c000 	C:\WINDOWS\system32\uxtheme.dll
0x00007ff89d5a0000 - 0x00007ff89d6be000 	C:\WINDOWS\System32\MSCTF.dll
0x00007ff853e10000 - 0x00007ff853fa7000 	C:\Users\Emmet\AppData\Local\Temp\lwjglEmmet\3.3.1-build-7\OpenAL.dll
0x00007ff89bca0000 - 0x00007ff89be3a000 	C:\WINDOWS\System32\ole32.dll
0x00007ff89cff0000 - 0x00007ff89d09f000 	C:\WINDOWS\System32\clbcatq.dll
0x00007ff88d3e0000 - 0x00007ff88d47c000 	C:\WINDOWS\System32\MMDevApi.dll
0x00007ff88cbb0000 - 0x00007ff88cd85000 	C:\WINDOWS\SYSTEM32\AUDIOSES.DLL
0x00007ff898c30000 - 0x00007ff898c45000 	C:\WINDOWS\SYSTEM32\resourcepolicyclient.dll
0x00007ff89a3b0000 - 0x00007ff89a3fd000 	C:\WINDOWS\SYSTEM32\powrprof.dll
0x00007ff89a340000 - 0x00007ff89a353000 	C:\WINDOWS\SYSTEM32\UMPDC.dll
0x00007ffff1b40000 - 0x00007ffff1c41000 	C:\WINDOWS\SYSTEM32\opengl32.dll
0x00007ff804130000 - 0x00007ff80415d000 	C:\WINDOWS\SYSTEM32\GLU32.dll
0x00007ff898ad0000 - 0x00007ff898b08000 	C:\WINDOWS\SYSTEM32\dxcore.dll
0x00007ff894990000 - 0x00007ff894ac4000 	C:\Windows\System32\AppXDeploymentClient.dll
0x00007ff8947a0000 - 0x00007ff89498f000 	C:\WINDOWS\SYSTEM32\urlmon.dll
0x00007ff8944d0000 - 0x00007ff894783000 	C:\Windows\System32\iertutil.dll
0x00007ff8944a0000 - 0x00007ff8944c8000 	C:\Windows\System32\srvcli.dll
0x00007ff899e30000 - 0x00007ff899e3c000 	C:\Windows\System32\netutils.dll
0x00007fffe21a0000 - 0x00007fffe51c8000 	C:\WINDOWS\System32\DriverStore\FileRepository\nv_dispi.inf_amd64_c0e159863e7afdde\nvoglv64.dll
0x00007ff89d7b0000 - 0x00007ff89dc1c000 	C:\WINDOWS\System32\SETUPAPI.dll
0x00007ff89d6d0000 - 0x00007ff89d7a6000 	C:\WINDOWS\System32\OLEAUT32.dll
0x00007ff897a10000 - 0x00007ff897a24000 	C:\WINDOWS\SYSTEM32\WTSAPI32.dll
0x00007ff89ab90000 - 0x00007ff89aba2000 	C:\WINDOWS\SYSTEM32\msasn1.dll
0x00007ff892f50000 - 0x00007ff892f81000 	C:\WINDOWS\SYSTEM32\cryptnet.dll
0x00007ff89b620000 - 0x00007ff89b782000 	C:\WINDOWS\System32\CRYPT32.dll
0x00007ff892e00000 - 0x00007ff892f49000 	C:\WINDOWS\SYSTEM32\drvstore.dll
0x00007ff89ac20000 - 0x00007ff89ac5d000 	C:\WINDOWS\SYSTEM32\wldp.dll
0x00007ff89b530000 - 0x00007ff89b597000 	C:\WINDOWS\System32\WINTRUST.dll
0x00007ff89a090000 - 0x00007ff89a0c4000 	C:\WINDOWS\SYSTEM32\ntmarta.dll
0x00007ff851610000 - 0x00007ff8518d3000 	C:\WINDOWS\system32\nvspcap64.dll
0x00007ff89a020000 - 0x00007ff89a083000 	C:\WINDOWS\SYSTEM32\WINSTA.dll
0x00007ff874c40000 - 0x00007ff874d6d000 	C:\WINDOWS\SYSTEM32\textinputframework.dll
0x00007ff895fd0000 - 0x00007ff89633d000 	C:\WINDOWS\SYSTEM32\CoreUIComponents.dll
0x00007fffb1fc0000 - 0x00007fffb2097000 	C:\Windows\System32\IME\IMEKR\imkrtip.dll
0x00007ff8978b0000 - 0x00007ff8979a7000 	C:\WINDOWS\SYSTEM32\PROPSYS.dll
0x00007fffb1ea0000 - 0x00007fffb1fc0000 	C:\Windows\System32\IME\shared\imetip.dll
0x00007ff887f20000 - 0x00007ff887f89000 	C:\WINDOWS\SYSTEM32\OLEACC.dll
0x00007ff8619e0000 - 0x00007ff861b9f000 	C:\WINDOWS\SYSTEM32\DUI70.dll
0x00007fffdf780000 - 0x00007fffdf7c8000 	C:\Windows\System32\IME\IMEKR\imkrapi.dll
0x00007ff896f90000 - 0x00007ff897030000 	C:\WINDOWS\SYSTEM32\policymanager.dll
0x00007ff896cb0000 - 0x00007ff896d42000 	C:\WINDOWS\SYSTEM32\msvcp110_win.dll
0x00007fffdcf90000 - 0x00007fffdcfd3000 	C:\Windows\System32\IME\shared\imjkapi.dll
0x00007ff8699c0000 - 0x00007ff869a1d000 	C:\Users\Emmet\AppData\Local\Temp\lwjglEmmet\3.3.1-build-7\lwjgl_opengl.dll
0x00007ffff2920000 - 0x00007ffff2a9f000 	C:\Program Files\Java\jdk-16.0.1\bin\awt.dll
0x00007ff898820000 - 0x00007ff8988b1000 	C:\WINDOWS\SYSTEM32\apphelp.dll
0x00007ff89ab00000 - 0x00007ff89ab18000 	C:\WINDOWS\SYSTEM32\CRYPTSP.dll
0x00007ff89a400000 - 0x00007ff89a435000 	C:\WINDOWS\system32\rsaenh.dll
0x00007ff89a9a0000 - 0x00007ff89a9c9000 	C:\WINDOWS\SYSTEM32\USERENV.dll
0x00007ff89acd0000 - 0x00007ff89acf7000 	C:\WINDOWS\SYSTEM32\bcrypt.dll
0x00007ff899eb0000 - 0x00007ff899edd000 	C:\WINDOWS\SYSTEM32\IPHLPAPI.DLL
0x00007ff89ce90000 - 0x00007ff89ce99000 	C:\WINDOWS\System32\NSI.dll
0x00007ff893a60000 - 0x00007ff893a79000 	C:\WINDOWS\SYSTEM32\dhcpcsvc6.DLL
0x00007ff893e90000 - 0x00007ff893eae000 	C:\WINDOWS\SYSTEM32\dhcpcsvc.DLL
0x00007ff899ee0000 - 0x00007ff899fc7000 	C:\WINDOWS\SYSTEM32\DNSAPI.dll
0x00007ff891f10000 - 0x00007ff891fc9000 	C:\WINDOWS\SYSTEM32\mscms.dll
0x00007ff891c90000 - 0x00007ff891cd4000 	C:\WINDOWS\SYSTEM32\icm32.dll
0x00007ff82d270000 - 0x00007ff82d280000 	C:\Program Files\Java\jdk-16.0.1\bin\verify.dll

dbghelp: loaded successfully - version: 4.0.5 - missing functions: none
symbol engine: initialized successfully - sym options: 0x614 - pdb path: .;C:\Program Files\Java\jdk-16.0.1\bin;C:\WINDOWS\SYSTEM32;C:\WINDOWS\WinSxS\amd64_microsoft.windows.common-controls_6595b64144ccf1df_6.0.22000.120_none_9d947278b86cc467;C:\Program Files\Java\jdk-16.0.1\bin\server;C:\Users\Emmet\AppData\Local\Temp\lwjglEmmet\3.3.1-build-7;C:\WINDOWS\System32\DriverStore\FileRepository\nv_dispi.inf_amd64_c0e159863e7afdde;C:\Windows\System32\IME\IMEKR;C:\Windows\System32\IME\shared

VM Arguments:
jvm_args: -Dfile.encoding=windows-1252 -Duser.country=US -Duser.language=en -Duser.variant 
java_command: game/GameKt
java_class_path (initial): C:\Users\Emmet\Programming\lang\java\ld50\build\classes\java\main;C:\Users\Emmet\Programming\lang\java\ld50\build\classes\kotlin\main;C:\Users\Emmet\Programming\lang\java\ld50\build\resources\main;C:\Users\Emmet\.gradle\caches\modules-2\files-2.1\org.jetbrains.kotlin\kotlin-stdlib-jdk8\1.6.10\e80fe6ac3c3573a80305f5ec43f86b829e8ab53d\kotlin-stdlib-jdk8-1.6.10.jar;C:\Users\Emmet\.gradle\caches\modules-2\files-2.1\org.lwjgl\lwjgl-opengl\3.3.1\831a5533a21a5f4f81bbc51bb13e9899319b5411\lwjgl-opengl-3.3.1.jar;C:\Users\Emmet\.gradle\caches\modules-2\files-2.1\org.lwjgl\lwjgl-opengl\3.3.1\c1807e9bd571402787d7e37e3029776ae2513bb8\lwjgl-opengl-3.3.1-natives-windows.jar;C:\Users\Emmet\.gradle\caches\modules-2\files-2.1\org.lwjgl\lwjgl-glfw\3.3.1\cbac1b8d30cb4795149c1ef540f912671a8616d0\lwjgl-glfw-3.3.1.jar;C:\Users\Emmet\.gradle\caches\modules-2\files-2.1\org.lwjgl\lwjgl-glfw\3.3.1\ed892f945cf7e79c8756796f32d00fa4ceaf573b\lwjgl-glfw-3.3.1-natives-windows.jar;C:\Users\Emmet\.gradle\caches\modules-2\files-2.1\org.lwjgl\lwjgl-openal\3.3.1\2623a6b8ae1dfcd880738656a9f0243d2e6840bd\lwjgl-openal-3.3.1.jar;C:\Users\Emmet\.gradle\caches\modules-2\files-2.1\org.lwjgl\lwjgl-openal\3.3.1\30a474d0e57193d7bc128849a3ab66bc9316fdb1\lwjgl-openal-3.3.1-natives-windows.jar;C:\Users\Emmet\.gradle\caches\modules-2\files-2.1\org.lwjgl\lwjgl\3.3.1\ae58664f88e18a9bb2c77b063833ca7aaec484cb\lwjgl-3.3.1.jar;C:\Users\Emmet\.gradle\caches\modules-2\files-2.1\org.lwjgl\lwjgl\3.3.1\36c37f16ab611b3aa11f3bcf80b1d509b4ce6b\lwjgl-3.3.1-natives-windows.jar;C:\Users\Emmet\.gradle\caches\modules-2\files-2.1\org.joml\joml\1.10.4\19cb0a0f0f8a938785ebd5b2a2268ea2e65dabae\joml-1.10.4.jar;C:\Users\Emmet\.gradle\caches\modules-2\files-2.1\org.jetbrains.kotlin\kotlin-stdlib-jdk7\1.6.10\e1c380673654a089c4f0c9f83d0ddfdc1efdb498\kotlin-stdlib-jdk7-1.6.10.jar;C:\Users\Emmet\.gradle\caches\modules-2\files-2.1\org.jetbrains.kotlin\kotlin-stdlib\1.6.10\b8af3fe6f1ca88526914929add63cf5e7c5049af\kotlin-
Launcher Type: SUN_STANDARD

[Global flags]
     intx CICompilerCount                          = 4                                         {product} {ergonomic}
     uint ConcGCThreads                            = 3                                         {product} {ergonomic}
     uint G1ConcRefinementThreads                  = 10                                        {product} {ergonomic}
   size_t G1HeapRegionSize                         = 4194304                                   {product} {ergonomic}
    uintx GCDrainStackTargetSize                   = 64                                        {product} {ergonomic}
   size_t InitialHeapSize                          = 536870912                                 {product} {ergonomic}
   size_t MarkStackSize                            = 4194304                                   {product} {ergonomic}
   size_t MaxHeapSize                              = 8577351680                                {product} {ergonomic}
   size_t MaxNewSize                               = 5146411008                                {product} {ergonomic}
   size_t MinHeapDeltaBytes                        = 4194304                                   {product} {ergonomic}
   size_t MinHeapSize                              = 8388608                                   {product} {ergonomic}
    uintx NonNMethodCodeHeapSize                   = 5839372                                {pd product} {ergonomic}
    uintx NonProfiledCodeHeapSize                  = 122909434                              {pd product} {ergonomic}
    uintx ProfiledCodeHeapSize                     = 122909434                              {pd product} {ergonomic}
    uintx ReservedCodeCacheSize                    = 251658240                              {pd product} {ergonomic}
     bool SegmentedCodeCache                       = true                                      {product} {ergonomic}
   size_t SoftMaxHeapSize                          = 8577351680                             {manageable} {ergonomic}
     bool UseCompressedClassPointers               = true                           {product lp64_product} {ergonomic}
     bool UseCompressedOops                        = true                           {product lp64_product} {ergonomic}
     bool UseG1GC                                  = true                                      {product} {ergonomic}
     bool UseLargePagesIndividualAllocation        = false                                  {pd product} {ergonomic}

Logging:
Log output configuration:
 #0: stdout all=warning uptime,level,tags
 #1: stderr all=off uptime,level,tags

Environment Variables:
JAVA_HOME=C:\Program Files\Java\jdk-17.0.1
PATH=C:\Python310\Scripts\;C:\Python310\;C:\Program Files\Common Files\Oracle\Java\javapath;C:\Python38\Scripts\;C:\Python38\;C:\WINDOWS\system32;C:\WINDOWS;C:\WINDOWS\System32\Wbem;C:\WINDOWS\System32\WindowsPowerShell\v1.0\;C:\WINDOWS\System32\OpenSSH\;C:\Program Files (x86)\NVIDIA Corporation\PhysX\Common;C:\Program Files\NVIDIA Corporation\NVIDIA NvDLISR;C:\WINDOWS\system32;C:\WINDOWS;C:\WINDOWS\System32\Wbem;C:\WINDOWS\System32\WindowsPowerShell\v1.0\;C:\WINDOWS\System32\OpenSSH\;C:\Program Files\dotnet\;C:\Program Files\Microsoft VS Code\bin;C:\Program Files\Intel\WiFi\bin\;C:\Program Files\Common Files\Intel\WirelessCommon\;C:\Program Files (x86)\Intel\Intel(R) Management Engine Components\DAL;C:\Program Files\Intel\Intel(R) Management Engine Components\DAL;C:\ProgramData\chocolatey\bin;C:\Program Files\CMake\bin;C:\Users\Emmet\AppData\Roaming\npm;C:\Users\Emmet\Programming\programs\maven\bin;C:\Program Files\Java\jdk-17.0.1\bin;C:\Program Files\Microsoft SQL Server\Client SDK\ODBC\170\Tools\Binn\;C:\Program Files (x86)\Microsoft SQL Server\150\Tools\Binn\;C:\Program Files\Microsoft SQL Server\150\Tools\Binn\;C:\Program Files\Microsoft SQL Server\150\DTS\Binn\;C:\Program Files (x86)\Microsoft SQL Server\150\DTS\Binn\;C:\Program Files\Azure Data Studio\bin;C:\Program Files\Git\cmd;C:\Program Files\Git\mingw64\bin;C:\Program Files\Git\usr\bin;C:\Program Files\Wolfram Research\WolframScript\;C:\Program Files (x86)\Google\Cloud SDK\google-cloud-sdk\bin;C:\Users\Emmet\.cargo\bin;C:\Users\Emmet\AppData\Local\Microsoft\WindowsApps;C:\Users\Emmet\AppData\Local\Programs\Microsoft VS Code\bin;C:\Program Files\Azure Data Studio\bin;C:\Program Files\Azure Data Studio\bin;
USERNAME=Emmet
OS=Windows_NT
PROCESSOR_IDENTIFIER=Intel64 Family 6 Model 158 Stepping 10, GenuineIntel



---------------  S Y S T E M  ---------------

OS:
 Windows 10 , 64 bit Build 22000 (10.0.22000.434)
OS uptime: 1 days 21:10 hours
Hyper-V role detected

CPU: total 12 (initial active 12) (6 cores per cpu, 2 threads per core) family 6 model 158 stepping 10 microcode 0xde, cx8, cmov, fxsr, ht, mmx, 3dnowpref, sse, sse2, sse3, ssse3, sse4.1, sse4.2, popcnt, lzcnt, tsc, tscinvbit, avx, avx2, aes, erms, clmul, bmi1, bmi2, rtm, adx, fma, vzeroupper, clflush, clflushopt, hv

Memory: 4k page, system-wide physical 32713M (14668M free)
TotalPageFile size 69577M (AvailPageFile size 34460M)
current process WorkingSet (physical memory assigned to process): 133M, peak: 133M
current process commit charge ("private bytes"): 706M, peak: 706M

vm_info: OpenJDK 64-Bit Server VM (16.0.1+9-24) for windows-amd64 JRE (16.0.1+9-24), built on Mar 26 2021 19:30:07 by "mach5one" with MS VC++ 16.7 (VS2019)

END.
